============================= test session starts ==============================
platform linux -- Python 3.8.10, pytest-7.4.0, pluggy-1.3.0
rootdir: /home/nmitchell/workspace/rascal-debugging-interview
collected 7 items

test_rascal.py ..FFFFF                                                   [100%]

=================================== FAILURES ===================================
___________________________ test_diagnostic_success ____________________________

rid = 'cbee61f9-e1aa-4a29-8423-8c584137d9f6'

    def test_diagnostic_success(rid):
        headers = {
            "X-Request-ID": rid,
            "Content-type": "application/x-www-form-urlencoded",
            "Accept": "text/plain"
        }
        diagnostic = requests.get(
            f"{Config.IsopalavialInterface.uri}/diagnostic",
            headers=headers,
        )
>       assert diagnostic.status_code == 202  # Accepted
E       assert 200 == 202
E        +  where 200 = <Response [200]>.status_code

test_rascal.py:50: AssertionError
______________________________ test_cool_success _______________________________

rid = 'a2cf7223-ac5a-435e-8fc1-271695bf6012'

    def test_cool_success(rid):
        # Send cool command
        headers = {
            "X-Request-ID": rid,
            "Content-type": "application/x-www-form-urlencoded",
            "Accept": "text/plain"
        }
        cool = requests.put(
            f"{Config.IsopalavialInterface.uri}/cool",
            headers=headers,
        )
>       assert cool.status_code == 200
E       assert 405 == 200
E        +  where 405 = <Response [405]>.status_code

test_rascal.py:69: AssertionError
__________________________ test_warp_and_cool_success __________________________

rid = 'a1f76780-3e77-4b7f-9c23-660d9e3efab3'

    def test_warp_and_cool_success(rid):
        # Send warp command
        headers = {
            "X-Request-ID": rid,
            "Content-type": "application/json",
            "Accept": "text/plain"
        }
        warp = requests.put(
            f"{Config.IsopalavialInterface.uri}/warp",
            headers=headers,
            json={"location": "Ni'Var"},
        )
>       assert warp.status_code == 200
E       assert 500 == 200
E        +  where 500 = <Response [500]>.status_code

test_rascal.py:85: AssertionError
_____________________________ test_multiwarp_fail ______________________________

rid = '778e17ca-5fca-48b2-9364-5e47135de2ab'

    def test_multiwarp_fail(rid):
        # Send warp command
        headers = {
            "X-Request-ID": rid,
            "Content-type": "application/json",
            "Accept": "text/plain"
        }
        warp = requests.put(
            f"{Config.IsopalavialInterface.uri}/warp",
            headers=headers,
            json={"location": "Ni'Var"},
        )
>       assert warp.status_code == 200
E       assert 500 == 200
E        +  where 500 = <Response [500]>.status_code

test_rascal.py:145: AssertionError
___________________________ test_multi_warp_success ____________________________

rid = 'cc9bbc77-0577-4ae6-9405-c6e4791fc78e'

    def test_multi_warp_success(rid):
        # Send warp command
        headers = {
            "X-Request-ID": rid,
            "Content-type": "application/json",
            "Accept": "text/plain"
        }
        warp = requests.put(
            f"{Config.IsopalavialInterface.uri}/warp",
            headers=headers,
            json={"location": "Ni'Var"},
        )
>       assert warp.status_code == 200
E       assert 500 == 200
E        +  where 500 = <Response [500]>.status_code

test_rascal.py:218: AssertionError
=========================== short test summary info ============================
FAILED test_rascal.py::test_diagnostic_success - assert 200 == 202
FAILED test_rascal.py::test_cool_success - assert 405 == 200
FAILED test_rascal.py::test_warp_and_cool_success - assert 500 == 200
FAILED test_rascal.py::test_multiwarp_fail - assert 500 == 200
FAILED test_rascal.py::test_multi_warp_success - assert 500 == 200
========================= 5 failed, 2 passed in 0.17s ==========================
