============================= test session starts ==============================
platform darwin -- Python 3.8.2, pytest-7.4.0, pluggy-1.2.0
rootdir: /Users/nmitchell/workspace/rascal-debugging-interview
collected 7 items

test_rascal.py ....FFF                                                   [100%]

=================================== FAILURES ===================================
__________________________ test_warp_and_cool_success __________________________

rid = '1b6bd1a6-7d12-496b-9363-81db5f3e3535'

    def test_warp_and_cool_success(rid):
        # Send warp command
        headers = {
            "X-Request-ID": rid,
            "Content-type": "application/json",
            "Accept": "text/plain"
        }
        warp = requests.put(
            f"{Config.IsopalavialInterface.uri}/warp",
            headers=headers,
            json={"location": "Ni'Var"},
        )
>       assert warp.status_code == 200
E       assert 500 == 200
E        +  where 500 = <Response [500]>.status_code

test_rascal.py:85: AssertionError
_____________________________ test_multiwarp_fail ______________________________

rid = '88a451d7-8867-45f8-9076-3390044d0da3'

    def test_multiwarp_fail(rid):
        # Send warp command
        headers = {
            "X-Request-ID": rid,
            "Content-type": "application/json",
            "Accept": "text/plain"
        }
        warp = requests.put(
            f"{Config.IsopalavialInterface.uri}/warp",
            headers=headers,
            json={"location": "Ni'Var"},
        )
>       assert warp.status_code == 200
E       assert 500 == 200
E        +  where 500 = <Response [500]>.status_code

test_rascal.py:145: AssertionError
___________________________ test_multi_warp_success ____________________________

rid = 'f80e28c0-67c7-4dd9-a05d-7cc214a49c63'

    def test_multi_warp_success(rid):
        # Send warp command
        headers = {
            "X-Request-ID": rid,
            "Content-type": "application/json",
            "Accept": "text/plain"
        }
        warp = requests.put(
            f"{Config.IsopalavialInterface.uri}/warp",
            headers=headers,
            json={"location": "Ni'Var"},
        )
>       assert warp.status_code == 200
E       assert 500 == 200
E        +  where 500 = <Response [500]>.status_code

test_rascal.py:218: AssertionError
=========================== short test summary info ============================
FAILED test_rascal.py::test_warp_and_cool_success - assert 500 == 200
FAILED test_rascal.py::test_multiwarp_fail - assert 500 == 200
FAILED test_rascal.py::test_multi_warp_success - assert 500 == 200
========================= 3 failed, 4 passed in 0.43s ==========================
